<?xml version="1.0" encoding="UTF-8"?>
<!-- Generated by org.testng.reporters.JUnitXMLReporter -->
<testsuite ignored="0" hostname="LAPTOP-B0KP8690" failures="0" tests="23" name="Default test" time="86.834" errors="0" timestamp="2024-08-06T14:57:23 IST">
  <testcase classname="Links_Cred.Credmudra.TESTnew1" name="testLinks" time="32.193"/>
  <testcase classname="Links_Cred.Credmudra.TESTnew1" name="testLinks" time="4.359"/>
  <testcase classname="Links_Cred.Credmudra.TESTnew1" name="testLinks" time="1.783"/>
  <testcase classname="Links_Cred.Credmudra.TESTnew1" name="testLinks" time="3.437"/>
  <testcase classname="Links_Cred.Credmudra.TESTnew1" name="testLinks" time="4.454"/>
  <testcase classname="Links_Cred.Credmudra.TESTnew1" name="testLinks" time="1.25"/>
  <testcase classname="Links_Cred.Credmudra.TESTnew1" name="testLinks" time="2.662"/>
  <testcase classname="Links_Cred.Credmudra.TESTnew1" name="testLinks" time="0.957"/>
  <testcase classname="Links_Cred.Credmudra.TESTnew1" name="testLinks" time="0.704"/>
  <testcase classname="Links_Cred.Credmudra.TESTnew1" name="testLinks" time="2.198"/>
  <testcase classname="Links_Cred.Credmudra.TESTnew1" name="testLinks" time="2.269"/>
  <testcase classname="Links_Cred.Credmudra.TESTnew1" name="testLinks" time="1.083"/>
  <testcase classname="Links_Cred.Credmudra.TESTnew1" name="testLinks" time="1.287"/>
  <testcase classname="Links_Cred.Credmudra.TESTnew1" name="testLinks" time="2.047"/>
  <testcase classname="Links_Cred.Credmudra.TESTnew1" name="testLinks" time="0.822"/>
  <testcase classname="Links_Cred.Credmudra.TESTnew1" name="testLinks" time="1.768"/>
  <testcase classname="Links_Cred.Credmudra.TESTnew1" name="testLinks" time="4.736"/>
  <testcase classname="Links_Cred.Credmudra.TESTnew1" name="testLinks" time="1.821"/>
  <testcase classname="Links_Cred.Credmudra.TESTnew1" name="testLinks" time="1.136"/>
  <testcase classname="Links_Cred.Credmudra.TESTnew1" name="testLinks" time="3.565"/>
  <testcase classname="Links_Cred.Credmudra.TESTnew1" name="testLinks" time="1.299"/>
  <testcase classname="Links_Cred.Credmudra.TESTnew1" name="testLinks" time="1.304"/>
  <testcase classname="Links_Cred.Credmudra.TESTnew1" name="testLinks" time="0.159"/>
</testsuite> <!-- Default test -->
